c:\users\yanbw\documents\bolsa\adi\adifhn\x64\release\adifhn.ipdb
c:\users\yanbw\documents\bolsa\adi\adifhn\x64\release\adifhn.iobj
c:\users\yanbw\documents\bolsa\adi\adifhn\x64\release\display.obj
c:\users\yanbw\documents\bolsa\adi\adifhn\x64\release\utils.obj
c:\users\yanbw\documents\bolsa\adi\adifhn\x64\release\calcerro.obj
c:\users\yanbw\documents\bolsa\adi\adifhn\x64\release\vc142.pdb
c:\users\yanbw\documents\bolsa\adi\adifhn\x64\release\matrix.obj
c:\users\yanbw\documents\bolsa\adi\adifhn\x64\release\adifhn.obj
c:\users\yanbw\documents\bolsa\adi\adifhn\x64\release\adifhn.exe
c:\users\yanbw\documents\bolsa\adi\adifhn\x64\release\adifhn.pdb
c:\users\yanbw\documents\bolsa\adi\adifhn\x64\release\calcerro.ipdb
c:\users\yanbw\documents\bolsa\adi\adifhn\x64\release\calcerro.iobj
c:\users\yanbw\documents\bolsa\adi\adifhn\x64\release\calcerro.pdb
c:\users\yanbw\documents\bolsa\adi\adifhn\x64\release\adifhn.tlog\adifhn.write.1u.tlog
c:\users\yanbw\documents\bolsa\adi\adifhn\x64\release\adifhn.tlog\cl.command.1.tlog
c:\users\yanbw\documents\bolsa\adi\adifhn\x64\release\adifhn.tlog\cl.read.1.tlog
c:\users\yanbw\documents\bolsa\adi\adifhn\x64\release\adifhn.tlog\cl.write.1.tlog
c:\users\yanbw\documents\bolsa\adi\adifhn\x64\release\adifhn.tlog\link.command.1.tlog
c:\users\yanbw\documents\bolsa\adi\adifhn\x64\release\adifhn.tlog\link.read.1.tlog
c:\users\yanbw\documents\bolsa\adi\adifhn\x64\release\adifhn.tlog\link.write.1.tlog
