C:\Program Files (x86)\Microsoft Visual Studio\2019\Community\MSBuild\Microsoft\VC\v160\Microsoft.CppBuild.targets(467,5): warning MSB8028: O diretório intermediário (x64\Release\) contém arquivos compartilhados de outro projeto (calcerro.vcxproj). Isso pode levar a um comportamento incorreto de limpeza e recompilação.
  adifhn.cpp
C:\Users\yanbw\Documents\ADI\ADIFHN\adifhn.cpp(49,10): warning C4244: 'inicializando': conversão de 'double' para 'int', possível perda de dados
C:\Users\yanbw\Documents\ADI\ADIFHN\adifhn.cpp(69,9): warning C4244: 'inicializando': conversão de 'double' para 'int', possível perda de dados
C:\Users\yanbw\Documents\ADI\ADIFHN\adifhn.cpp(71,10): warning C4129: ' ': sequência de escape de caractere não reconhecida
C:\Users\yanbw\Documents\ADI\ADIFHN\adifhn.cpp(79,9): warning C4101: 'j': variável local não referenciada
C:\Users\yanbw\Documents\ADI\ADIFHN\adifhn.cpp(227,10): warning C4244: '=': conversão de 'double' para 'int', possível perda de dados
C:\Users\yanbw\Documents\ADI\ADIFHN\adifhn.cpp(231,15): warning C4244: '=': conversão de 'double' para 'int', possível perda de dados
C:\Users\yanbw\Documents\ADI\ADIFHN\adifhn.cpp(281,8): warning C4101: 'i': variável local não referenciada
  calcerro.cpp
  display.cpp
  utils.cpp
C:\Users\yanbw\Documents\ADI\ADIFHN\calcerro.cpp(17,12): warning C4101: 'dxsol': variável local não referenciada
C:\Users\yanbw\Documents\ADI\ADIFHN\calcerro.cpp(17,19): warning C4101: 'dxref': variável local não referenciada
C:\Users\yanbw\Documents\ADI\ADIFHN\utils.cpp(106,12): warning C4101: 'j': variável local não referenciada
  matrix.cpp
  Gerando código
  Previous IPDB not found, fall back to full compilation.
  All 428 functions were compiled because no usable IPDB/IOBJ from previous compilation was found.
  Finalizada a geração de código
  calcerro.vcxproj -> C:\Users\yanbw\Documents\ADI\ADIFHN\x64\Release\ADIFHN.exe
