c:\users\yanbw\documents\bolsaic\adi\calcerro\x64\release\calcerro.ipdb
c:\users\yanbw\documents\bolsaic\adi\calcerro\x64\release\calcerro.iobj
c:\users\yanbw\documents\bolsaic\adi\calcerro\x64\release\vc142.pdb
c:\users\yanbw\documents\bolsaic\adi\calcerro\x64\release\utils.obj
c:\users\yanbw\documents\bolsaic\adi\calcerro\x64\release\display.obj
c:\users\yanbw\documents\bolsaic\adi\calcerro\x64\release\calcerro.obj
c:\users\yanbw\documents\bolsaic\adi\calcerro\x64\release\matrix.obj
c:\users\yanbw\documents\bolsaic\adi\calcerro\x64\release\adifhn.obj
c:\users\yanbw\documents\bolsaic\adi\calcerro\x64\release\calcerro.pdb
c:\users\yanbw\documents\bolsaic\adi\calcerro\x64\release\calcerro.tlog\calcerro.write.1u.tlog
c:\users\yanbw\documents\bolsaic\adi\calcerro\x64\release\calcerro.tlog\cl.command.1.tlog
c:\users\yanbw\documents\bolsaic\adi\calcerro\x64\release\calcerro.tlog\cl.read.1.tlog
c:\users\yanbw\documents\bolsaic\adi\calcerro\x64\release\calcerro.tlog\cl.write.1.tlog
c:\users\yanbw\documents\bolsaic\adi\calcerro\x64\release\calcerro.tlog\link-cvtres.read.1.tlog
c:\users\yanbw\documents\bolsaic\adi\calcerro\x64\release\calcerro.tlog\link-cvtres.write.1.tlog
c:\users\yanbw\documents\bolsaic\adi\calcerro\x64\release\calcerro.tlog\link-rc.read.1.tlog
c:\users\yanbw\documents\bolsaic\adi\calcerro\x64\release\calcerro.tlog\link-rc.write.1.tlog
c:\users\yanbw\documents\bolsaic\adi\calcerro\x64\release\calcerro.tlog\link.command.1.tlog
c:\users\yanbw\documents\bolsaic\adi\calcerro\x64\release\calcerro.tlog\link.read.1.tlog
c:\users\yanbw\documents\bolsaic\adi\calcerro\x64\release\calcerro.tlog\link.write.1.tlog
